2020-06-02 22:54:05,617 test_1_login_excel.py setUp 26 DEBUG ---> 日志打印开始
2020-06-02 22:54:05,621 test_1_login_excel.py setUp 26 DEBUG ---> 日志打印开始
2020-06-02 22:54:05,622 test_1_login_excel.py setUp 26 DEBUG ---> 日志打印开始
2020-06-02 22:54:05,625 test_1_login_excel.py setUp 26 DEBUG ---> 日志打印开始
2020-06-02 22:54:05,627 test_1_login_excel.py setUp 26 DEBUG ---> 日志打印开始
2020-06-02 22:54:05,629 test_1_login_excel.py setUp 26 DEBUG ---> 日志打印开始
2020-06-02 22:54:05,630 test_1_login_excel.py setUp 26 DEBUG ---> 日志打印开始
2020-06-02 22:54:05,632 test_1_login_excel.py setUp 26 DEBUG ---> 日志打印开始
2020-06-02 22:54:05,634 test_1_login_excel.py setUp 26 DEBUG ---> 日志打印开始
2020-06-02 22:54:05,635 test_1_login_excel.py setUp 26 DEBUG ---> 日志打印开始
2020-06-02 22:54:05,637 test_1_login_excel.py setUp 26 DEBUG ---> 日志打印开始
2020-06-02 22:54:05,638 test_1_login_excel.py setUp 26 DEBUG ---> 日志打印开始
2020-06-02 22:54:05,640 test_1_login_excel.py setUp 26 DEBUG ---> 日志打印开始
2020-06-02 22:54:05,641 test_1_login_excel.py setUp 26 DEBUG ---> 日志打印开始
2020-06-02 22:54:05,641 test_1_login_excel.py setUp 26 DEBUG ---> 日志打印开始
2020-06-02 22:54:05,657 test_1_login_excel.py setUp 26 DEBUG ---> 日志打印开始
2020-06-02 22:54:05,657 test_1_login_excel.py setUp 26 DEBUG ---> 日志打印开始
2020-06-02 22:54:37,086 test_1_login_excel.py setUp 26 DEBUG ---> 日志打印开始
2020-06-02 22:54:37,101 test_1_login_excel.py setUp 26 DEBUG ---> 日志打印开始
2020-06-02 22:54:37,101 test_1_login_excel.py setUp 26 DEBUG ---> 日志打印开始
2020-06-02 22:54:37,101 test_1_login_excel.py setUp 26 DEBUG ---> 日志打印开始
2020-06-02 22:54:37,117 test_1_login_excel.py setUp 26 DEBUG ---> 日志打印开始
2020-06-02 22:54:37,117 test_1_login_excel.py setUp 26 DEBUG ---> 日志打印开始
2020-06-02 22:54:37,133 test_1_login_excel.py setUp 26 DEBUG ---> 日志打印开始
2020-06-02 22:54:37,133 test_1_login_excel.py setUp 26 DEBUG ---> 日志打印开始
2020-06-02 22:54:37,133 test_1_login_excel.py setUp 26 DEBUG ---> 日志打印开始
2020-06-02 22:54:37,148 test_1_login_excel.py setUp 26 DEBUG ---> 日志打印开始
2020-06-02 22:54:37,148 test_1_login_excel.py setUp 26 DEBUG ---> 日志打印开始
2020-06-02 22:54:37,164 test_1_login_excel.py setUp 26 DEBUG ---> 日志打印开始
2020-06-02 22:54:37,164 test_1_login_excel.py setUp 26 DEBUG ---> 日志打印开始
2020-06-02 22:54:37,164 test_1_login_excel.py setUp 26 DEBUG ---> 日志打印开始
2020-06-02 22:54:37,179 test_1_login_excel.py setUp 26 DEBUG ---> 日志打印开始
2020-06-02 22:54:37,195 test_1_login_excel.py setUp 26 DEBUG ---> 日志打印开始
2020-06-02 22:54:37,195 test_1_login_excel.py setUp 26 DEBUG ---> 日志打印开始
2020-06-02 22:56:26,574 test_1_login_excel.py setUp 26 DEBUG ---> 日志打印开始
2020-06-02 22:56:26,591 test_1_login_excel.py setUp 26 DEBUG ---> 日志打印开始
2020-06-02 22:56:26,596 test_1_login_excel.py setUp 26 DEBUG ---> 日志打印开始
2020-06-02 22:56:26,599 test_1_login_excel.py setUp 26 DEBUG ---> 日志打印开始
2020-06-02 22:56:26,603 test_1_login_excel.py setUp 26 DEBUG ---> 日志打印开始
2020-06-02 22:56:26,606 test_1_login_excel.py setUp 26 DEBUG ---> 日志打印开始
2020-06-02 22:56:26,608 test_1_login_excel.py setUp 26 DEBUG ---> 日志打印开始
2020-06-02 22:56:26,611 test_1_login_excel.py setUp 26 DEBUG ---> 日志打印开始
2020-06-02 22:56:26,614 test_1_login_excel.py setUp 26 DEBUG ---> 日志打印开始
2020-06-02 22:56:26,617 test_1_login_excel.py setUp 26 DEBUG ---> 日志打印开始
2020-06-02 22:56:26,635 test_1_login_excel.py setUp 26 DEBUG ---> 日志打印开始
2020-06-02 22:56:26,650 test_1_login_excel.py setUp 26 DEBUG ---> 日志打印开始
2020-06-02 22:56:26,650 test_1_login_excel.py setUp 26 DEBUG ---> 日志打印开始
2020-06-02 22:56:26,666 test_1_login_excel.py setUp 26 DEBUG ---> 日志打印开始
2020-06-02 22:56:26,666 test_1_login_excel.py setUp 26 DEBUG ---> 日志打印开始
2020-06-02 22:56:26,666 test_1_login_excel.py setUp 26 DEBUG ---> 日志打印开始
2020-06-02 22:56:26,681 test_1_login_excel.py setUp 26 DEBUG ---> 日志打印开始
2020-06-02 22:58:06,463 test_1_login_excel.py setUp 26 DEBUG ---> 日志打印开始
2020-06-02 22:58:06,479 connectionpool.py _new_conn 207 DEBUG ---> Starting new HTTP connection (1): api.haitoutech.com
2020-06-02 22:58:06,510 connectionpool.py _make_request 394 DEBUG ---> http://api.haitoutech.com:80 "POST /loginByMobile HTTP/1.1" 404 None
2020-06-02 22:58:06,525 test_1_login_excel.py setUp 26 DEBUG ---> 日志打印开始
2020-06-02 22:58:06,525 connectionpool.py _new_conn 207 DEBUG ---> Starting new HTTP connection (1): api.haitoutech.com
2020-06-02 22:58:06,541 connectionpool.py _make_request 394 DEBUG ---> http://api.haitoutech.com:80 "POST /loginByMobile HTTP/1.1" 404 None
2020-06-02 22:58:06,557 test_1_login_excel.py setUp 26 DEBUG ---> 日志打印开始
2020-06-02 22:58:06,557 connectionpool.py _new_conn 207 DEBUG ---> Starting new HTTP connection (1): api.haitoutech.com
2020-06-02 22:58:06,572 connectionpool.py _make_request 394 DEBUG ---> http://api.haitoutech.com:80 "POST /loginByMobile HTTP/1.1" 404 None
2020-06-02 22:58:06,588 test_1_login_excel.py setUp 26 DEBUG ---> 日志打印开始
2020-06-02 22:58:06,591 connectionpool.py _new_conn 207 DEBUG ---> Starting new HTTP connection (1): api.haitoutech.com
2020-06-02 22:58:06,606 connectionpool.py _make_request 394 DEBUG ---> http://api.haitoutech.com:80 "POST /loginByMobile HTTP/1.1" 404 None
2020-06-02 22:58:06,609 test_1_login_excel.py setUp 26 DEBUG ---> 日志打印开始
2020-06-02 22:58:06,611 connectionpool.py _new_conn 207 DEBUG ---> Starting new HTTP connection (1): api.haitoutech.com
2020-06-02 22:58:06,614 connectionpool.py _make_request 394 DEBUG ---> http://api.haitoutech.com:80 "POST /loginByMobile HTTP/1.1" 404 None
2020-06-02 22:58:06,648 test_1_login_excel.py setUp 26 DEBUG ---> 日志打印开始
2020-06-02 22:58:06,648 connectionpool.py _new_conn 207 DEBUG ---> Starting new HTTP connection (1): api.haitoutech.com
2020-06-02 22:58:06,663 connectionpool.py _make_request 394 DEBUG ---> http://api.haitoutech.com:80 "POST /loginByMobile HTTP/1.1" 404 None
2020-06-02 22:58:06,679 test_1_login_excel.py setUp 26 DEBUG ---> 日志打印开始
2020-06-02 22:58:06,679 connectionpool.py _new_conn 207 DEBUG ---> Starting new HTTP connection (1): api.haitoutech.com
2020-06-02 22:58:06,694 connectionpool.py _make_request 394 DEBUG ---> http://api.haitoutech.com:80 "POST /loginByMobile HTTP/1.1" 404 None
2020-06-02 22:58:06,710 test_1_login_excel.py setUp 26 DEBUG ---> 日志打印开始
2020-06-02 22:58:06,711 connectionpool.py _new_conn 207 DEBUG ---> Starting new HTTP connection (1): api.haitoutech.com
2020-06-02 22:58:06,727 connectionpool.py _make_request 394 DEBUG ---> http://api.haitoutech.com:80 "POST /loginByMobile HTTP/1.1" 404 None
2020-06-02 22:58:06,743 test_1_login_excel.py setUp 26 DEBUG ---> 日志打印开始
2020-06-02 22:58:06,743 connectionpool.py _new_conn 207 DEBUG ---> Starting new HTTP connection (1): api.haitoutech.com
2020-06-02 22:58:06,759 connectionpool.py _make_request 394 DEBUG ---> http://api.haitoutech.com:80 "POST /loginByMobile HTTP/1.1" 404 None
2020-06-02 22:58:06,774 test_1_login_excel.py setUp 26 DEBUG ---> 日志打印开始
2020-06-02 22:58:06,774 connectionpool.py _new_conn 207 DEBUG ---> Starting new HTTP connection (1): api.haitoutech.com
2020-06-02 22:58:06,791 connectionpool.py _make_request 394 DEBUG ---> http://api.haitoutech.com:80 "POST /loginByMobile HTTP/1.1" 404 None
2020-06-02 22:58:06,795 test_1_login_excel.py setUp 26 DEBUG ---> 日志打印开始
2020-06-02 22:58:06,799 connectionpool.py _new_conn 207 DEBUG ---> Starting new HTTP connection (1): api.haitoutech.com
2020-06-02 22:58:06,813 connectionpool.py _make_request 394 DEBUG ---> http://api.haitoutech.com:80 "POST /loginByEmail HTTP/1.1" 404 None
2020-06-02 22:58:06,830 test_1_login_excel.py setUp 26 DEBUG ---> 日志打印开始
2020-06-02 22:58:06,830 connectionpool.py _new_conn 207 DEBUG ---> Starting new HTTP connection (1): api.haitoutech.com
2020-06-02 22:58:06,845 connectionpool.py _make_request 394 DEBUG ---> http://api.haitoutech.com:80 "POST /loginByEmail HTTP/1.1" 404 None
2020-06-02 22:58:06,845 test_1_login_excel.py setUp 26 DEBUG ---> 日志打印开始
2020-06-02 22:58:06,861 connectionpool.py _new_conn 207 DEBUG ---> Starting new HTTP connection (1): api.haitoutech.com
2020-06-02 22:58:06,877 connectionpool.py _make_request 394 DEBUG ---> http://api.haitoutech.com:80 "POST /loginByEmail HTTP/1.1" 404 None
2020-06-02 22:58:06,877 test_1_login_excel.py setUp 26 DEBUG ---> 日志打印开始
2020-06-02 22:58:06,892 connectionpool.py _new_conn 207 DEBUG ---> Starting new HTTP connection (1): api.haitoutech.com
2020-06-02 22:58:06,908 connectionpool.py _make_request 394 DEBUG ---> http://api.haitoutech.com:80 "POST /loginByEmail HTTP/1.1" 404 None
2020-06-02 22:58:06,908 test_1_login_excel.py setUp 26 DEBUG ---> 日志打印开始
2020-06-02 22:58:06,923 connectionpool.py _new_conn 207 DEBUG ---> Starting new HTTP connection (1): api.haitoutech.com
2020-06-02 22:58:06,939 connectionpool.py _make_request 394 DEBUG ---> http://api.haitoutech.com:80 "POST /loginByEmail HTTP/1.1" 404 None
2020-06-02 22:58:06,939 test_1_login_excel.py setUp 26 DEBUG ---> 日志打印开始
2020-06-02 22:58:06,955 connectionpool.py _new_conn 207 DEBUG ---> Starting new HTTP connection (1): api.haitoutech.com
2020-06-02 22:58:06,970 connectionpool.py _make_request 394 DEBUG ---> http://api.haitoutech.com:80 "POST /loginByEmail HTTP/1.1" 404 None
2020-06-02 22:58:06,970 test_1_login_excel.py setUp 26 DEBUG ---> 日志打印开始
2020-06-02 22:58:06,986 connectionpool.py _new_conn 207 DEBUG ---> Starting new HTTP connection (1): api.haitoutech.com
2020-06-02 22:58:07,007 connectionpool.py _make_request 394 DEBUG ---> http://api.haitoutech.com:80 "POST /loginByEmail HTTP/1.1" 404 None
2020-06-02 23:00:08,967 test_1_login_excel.py setUp 26 DEBUG ---> 日志打印开始
2020-06-02 23:00:08,982 connectionpool.py _new_conn 823 DEBUG ---> Starting new HTTPS connection (1): api.haitoutech.com
2020-06-02 23:00:09,107 connectionpool.py _make_request 394 DEBUG ---> https://api.haitoutech.com:443 "POST /haitou-user/user/loginByMobile HTTP/1.1" 200 None
2020-06-02 23:00:09,122 test_1_login_excel.py setUp 26 DEBUG ---> 日志打印开始
2020-06-02 23:00:09,122 connectionpool.py _new_conn 823 DEBUG ---> Starting new HTTPS connection (1): api.haitoutech.com
2020-06-02 23:00:09,201 connectionpool.py _make_request 394 DEBUG ---> https://api.haitoutech.com:443 "POST /haitou-user/user/loginByMobile HTTP/1.1" 200 None
2020-06-02 23:00:09,206 test_1_login_excel.py setUp 26 DEBUG ---> 日志打印开始
2020-06-02 23:00:09,209 connectionpool.py _new_conn 823 DEBUG ---> Starting new HTTPS connection (1): api.haitoutech.com
2020-06-02 23:00:09,273 connectionpool.py _make_request 394 DEBUG ---> https://api.haitoutech.com:443 "POST /haitou-user/user/loginByMobile HTTP/1.1" 200 None
2020-06-02 23:00:09,273 test_1_login_excel.py setUp 26 DEBUG ---> 日志打印开始
2020-06-02 23:00:09,295 connectionpool.py _new_conn 823 DEBUG ---> Starting new HTTPS connection (1): api.haitoutech.com
2020-06-02 23:00:09,374 connectionpool.py _make_request 394 DEBUG ---> https://api.haitoutech.com:443 "POST /haitou-user/user/loginByMobile HTTP/1.1" 200 None
2020-06-02 23:00:09,374 test_1_login_excel.py setUp 26 DEBUG ---> 日志打印开始
2020-06-02 23:00:09,395 connectionpool.py _new_conn 823 DEBUG ---> Starting new HTTPS connection (1): api.haitoutech.com
2020-06-02 23:00:09,953 connectionpool.py _make_request 394 DEBUG ---> https://api.haitoutech.com:443 "POST /haitou-user/user/loginByMobile HTTP/1.1" 200 None
2020-06-02 23:00:09,953 test_1_login_excel.py setUp 26 DEBUG ---> 日志打印开始
2020-06-02 23:00:09,968 connectionpool.py _new_conn 823 DEBUG ---> Starting new HTTPS connection (1): api.haitoutech.com
2020-06-02 23:00:10,035 connectionpool.py _make_request 394 DEBUG ---> https://api.haitoutech.com:443 "POST /haitou-user/user/loginByMobile HTTP/1.1" 200 None
2020-06-02 23:00:10,039 test_1_login_excel.py setUp 26 DEBUG ---> 日志打印开始
2020-06-02 23:00:10,042 connectionpool.py _new_conn 823 DEBUG ---> Starting new HTTPS connection (1): api.haitoutech.com
2020-06-02 23:00:10,108 connectionpool.py _make_request 394 DEBUG ---> https://api.haitoutech.com:443 "POST /haitou-user/user/loginByMobile HTTP/1.1" 200 None
2020-06-02 23:00:10,108 test_1_login_excel.py setUp 26 DEBUG ---> 日志打印开始
2020-06-02 23:00:10,124 connectionpool.py _new_conn 823 DEBUG ---> Starting new HTTPS connection (1): api.haitoutech.com
2020-06-02 23:00:10,186 connectionpool.py _make_request 394 DEBUG ---> https://api.haitoutech.com:443 "POST /haitou-user/user/loginByMobile HTTP/1.1" 200 None
2020-06-02 23:00:10,186 test_1_login_excel.py setUp 26 DEBUG ---> 日志打印开始
2020-06-02 23:00:10,205 connectionpool.py _new_conn 823 DEBUG ---> Starting new HTTPS connection (1): api.haitoutech.com
2020-06-02 23:00:10,259 connectionpool.py _make_request 394 DEBUG ---> https://api.haitoutech.com:443 "POST /haitou-user/user/loginByMobile HTTP/1.1" 200 None
2020-06-02 23:00:10,259 test_1_login_excel.py setUp 26 DEBUG ---> 日志打印开始
2020-06-02 23:00:10,275 connectionpool.py _new_conn 823 DEBUG ---> Starting new HTTPS connection (1): api.haitoutech.com
2020-06-02 23:00:10,337 connectionpool.py _make_request 394 DEBUG ---> https://api.haitoutech.com:443 "POST /haitou-user/user/loginByMobile HTTP/1.1" 200 None
2020-06-02 23:00:10,337 test_1_login_excel.py setUp 26 DEBUG ---> 日志打印开始
2020-06-02 23:00:10,353 connectionpool.py _new_conn 823 DEBUG ---> Starting new HTTPS connection (1): api.haitoutech.com
2020-06-02 23:00:10,423 connectionpool.py _make_request 394 DEBUG ---> https://api.haitoutech.com:443 "POST /haitou-user/user/loginByEmail HTTP/1.1" 200 None
2020-06-02 23:00:10,426 test_1_login_excel.py setUp 26 DEBUG ---> 日志打印开始
2020-06-02 23:00:10,427 connectionpool.py _new_conn 823 DEBUG ---> Starting new HTTPS connection (1): api.haitoutech.com
2020-06-02 23:00:10,487 connectionpool.py _make_request 394 DEBUG ---> https://api.haitoutech.com:443 "POST /haitou-user/user/loginByEmail HTTP/1.1" 200 None
2020-06-02 23:00:10,502 test_1_login_excel.py setUp 26 DEBUG ---> 日志打印开始
2020-06-02 23:00:10,518 connectionpool.py _new_conn 823 DEBUG ---> Starting new HTTPS connection (1): api.haitoutech.com
2020-06-02 23:00:10,580 connectionpool.py _make_request 394 DEBUG ---> https://api.haitoutech.com:443 "POST /haitou-user/user/loginByEmail HTTP/1.1" 200 None
2020-06-02 23:00:10,580 test_1_login_excel.py setUp 26 DEBUG ---> 日志打印开始
2020-06-02 23:00:10,599 connectionpool.py _new_conn 823 DEBUG ---> Starting new HTTPS connection (1): api.haitoutech.com
2020-06-02 23:00:10,658 connectionpool.py _make_request 394 DEBUG ---> https://api.haitoutech.com:443 "POST /haitou-user/user/loginByEmail HTTP/1.1" 200 None
2020-06-02 23:00:10,658 test_1_login_excel.py setUp 26 DEBUG ---> 日志打印开始
2020-06-02 23:00:10,675 connectionpool.py _new_conn 823 DEBUG ---> Starting new HTTPS connection (1): api.haitoutech.com
2020-06-02 23:00:10,737 connectionpool.py _make_request 394 DEBUG ---> https://api.haitoutech.com:443 "POST /haitou-user/user/loginByEmail HTTP/1.1" 200 None
2020-06-02 23:00:10,753 test_1_login_excel.py setUp 26 DEBUG ---> 日志打印开始
2020-06-02 23:00:10,753 connectionpool.py _new_conn 823 DEBUG ---> Starting new HTTPS connection (1): api.haitoutech.com
2020-06-02 23:00:10,840 connectionpool.py _make_request 394 DEBUG ---> https://api.haitoutech.com:443 "POST /haitou-user/user/loginByEmail HTTP/1.1" 200 None
2020-06-02 23:00:10,843 test_1_login_excel.py setUp 26 DEBUG ---> 日志打印开始
2020-06-02 23:00:10,859 connectionpool.py _new_conn 823 DEBUG ---> Starting new HTTPS connection (1): api.haitoutech.com
2020-06-02 23:00:10,937 connectionpool.py _make_request 394 DEBUG ---> https://api.haitoutech.com:443 "POST /haitou-user/user/loginByEmail HTTP/1.1" 200 None
2020-06-02 23:01:14,765 test_1_login_excel.py setUp 26 DEBUG ---> 日志打印开始
2020-06-02 23:01:14,781 connectionpool.py _new_conn 823 DEBUG ---> Starting new HTTPS connection (1): api.haitoutech.com
2020-06-02 23:01:14,857 connectionpool.py _make_request 394 DEBUG ---> https://api.haitoutech.com:443 "POST /haitou-user/user/loginByMobile HTTP/1.1" 200 None
2020-06-02 23:01:14,872 test_1_login_excel.py setUp 26 DEBUG ---> 日志打印开始
2020-06-02 23:01:14,872 connectionpool.py _new_conn 823 DEBUG ---> Starting new HTTPS connection (1): api.haitoutech.com
2020-06-02 23:01:14,945 connectionpool.py _make_request 394 DEBUG ---> https://api.haitoutech.com:443 "POST /haitou-user/user/loginByMobile HTTP/1.1" 200 None
2020-06-02 23:01:14,961 test_1_login_excel.py setUp 26 DEBUG ---> 日志打印开始
2020-06-02 23:01:14,961 connectionpool.py _new_conn 823 DEBUG ---> Starting new HTTPS connection (1): api.haitoutech.com
2020-06-02 23:01:15,031 connectionpool.py _make_request 394 DEBUG ---> https://api.haitoutech.com:443 "POST /haitou-user/user/loginByMobile HTTP/1.1" 200 None
2020-06-02 23:01:15,035 test_1_login_excel.py setUp 26 DEBUG ---> 日志打印开始
2020-06-02 23:01:15,041 connectionpool.py _new_conn 823 DEBUG ---> Starting new HTTPS connection (1): api.haitoutech.com
2020-06-02 23:01:15,104 connectionpool.py _make_request 394 DEBUG ---> https://api.haitoutech.com:443 "POST /haitou-user/user/loginByMobile HTTP/1.1" 200 None
2020-06-02 23:01:15,120 test_1_login_excel.py setUp 26 DEBUG ---> 日志打印开始
2020-06-02 23:01:15,135 connectionpool.py _new_conn 823 DEBUG ---> Starting new HTTPS connection (1): api.haitoutech.com
2020-06-02 23:01:15,210 connectionpool.py _make_request 394 DEBUG ---> https://api.haitoutech.com:443 "POST /haitou-user/user/loginByMobile HTTP/1.1" 200 None
2020-06-02 23:01:15,212 test_1_login_excel.py setUp 26 DEBUG ---> 日志打印开始
2020-06-02 23:01:15,218 connectionpool.py _new_conn 823 DEBUG ---> Starting new HTTPS connection (1): api.haitoutech.com
2020-06-02 23:01:15,272 connectionpool.py _make_request 394 DEBUG ---> https://api.haitoutech.com:443 "POST /haitou-user/user/loginByMobile HTTP/1.1" 200 None
2020-06-02 23:01:15,287 test_1_login_excel.py setUp 26 DEBUG ---> 日志打印开始
2020-06-02 23:01:15,287 connectionpool.py _new_conn 823 DEBUG ---> Starting new HTTPS connection (1): api.haitoutech.com
2020-06-02 23:01:15,350 connectionpool.py _make_request 394 DEBUG ---> https://api.haitoutech.com:443 "POST /haitou-user/user/loginByMobile HTTP/1.1" 200 None
2020-06-02 23:01:15,350 test_1_login_excel.py setUp 26 DEBUG ---> 日志打印开始
2020-06-02 23:01:15,365 connectionpool.py _new_conn 823 DEBUG ---> Starting new HTTPS connection (1): api.haitoutech.com
2020-06-02 23:01:15,430 connectionpool.py _make_request 394 DEBUG ---> https://api.haitoutech.com:443 "POST /haitou-user/user/loginByMobile HTTP/1.1" 200 None
2020-06-02 23:01:15,433 test_1_login_excel.py setUp 26 DEBUG ---> 日志打印开始
2020-06-02 23:01:15,439 connectionpool.py _new_conn 823 DEBUG ---> Starting new HTTPS connection (1): api.haitoutech.com
2020-06-02 23:01:15,488 connectionpool.py _make_request 394 DEBUG ---> https://api.haitoutech.com:443 "POST /haitou-user/user/loginByMobile HTTP/1.1" 200 None
2020-06-02 23:01:15,503 test_1_login_excel.py setUp 26 DEBUG ---> 日志打印开始
2020-06-02 23:01:15,519 connectionpool.py _new_conn 823 DEBUG ---> Starting new HTTPS connection (1): api.haitoutech.com
2020-06-02 23:01:15,582 connectionpool.py _make_request 394 DEBUG ---> https://api.haitoutech.com:443 "POST /haitou-user/user/loginByMobile HTTP/1.1" 200 None
2020-06-02 23:01:15,582 test_1_login_excel.py setUp 26 DEBUG ---> 日志打印开始
2020-06-02 23:01:15,600 connectionpool.py _new_conn 823 DEBUG ---> Starting new HTTPS connection (1): api.haitoutech.com
2020-06-02 23:01:15,657 connectionpool.py _make_request 394 DEBUG ---> https://api.haitoutech.com:443 "POST /haitou-user/user/loginByEmail HTTP/1.1" 200 None
2020-06-02 23:01:15,672 test_1_login_excel.py setUp 26 DEBUG ---> 日志打印开始
2020-06-02 23:01:15,688 connectionpool.py _new_conn 823 DEBUG ---> Starting new HTTPS connection (1): api.haitoutech.com
2020-06-02 23:01:15,751 connectionpool.py _make_request 394 DEBUG ---> https://api.haitoutech.com:443 "POST /haitou-user/user/loginByEmail HTTP/1.1" 200 None
2020-06-02 23:01:15,751 test_1_login_excel.py setUp 26 DEBUG ---> 日志打印开始
2020-06-02 23:01:15,766 connectionpool.py _new_conn 823 DEBUG ---> Starting new HTTPS connection (1): api.haitoutech.com
2020-06-02 23:01:15,839 connectionpool.py _make_request 394 DEBUG ---> https://api.haitoutech.com:443 "POST /haitou-user/user/loginByEmail HTTP/1.1" 200 None
2020-06-02 23:01:15,839 test_1_login_excel.py setUp 26 DEBUG ---> 日志打印开始
2020-06-02 23:01:15,855 connectionpool.py _new_conn 823 DEBUG ---> Starting new HTTPS connection (1): api.haitoutech.com
2020-06-02 23:01:15,914 connectionpool.py _make_request 394 DEBUG ---> https://api.haitoutech.com:443 "POST /haitou-user/user/loginByEmail HTTP/1.1" 200 None
2020-06-02 23:01:15,914 test_1_login_excel.py setUp 26 DEBUG ---> 日志打印开始
2020-06-02 23:01:15,930 connectionpool.py _new_conn 823 DEBUG ---> Starting new HTTPS connection (1): api.haitoutech.com
2020-06-02 23:01:15,995 connectionpool.py _make_request 394 DEBUG ---> https://api.haitoutech.com:443 "POST /haitou-user/user/loginByEmail HTTP/1.1" 200 None
2020-06-02 23:01:15,999 test_1_login_excel.py setUp 26 DEBUG ---> 日志打印开始
2020-06-02 23:01:16,005 connectionpool.py _new_conn 823 DEBUG ---> Starting new HTTPS connection (1): api.haitoutech.com
2020-06-02 23:01:16,057 connectionpool.py _make_request 394 DEBUG ---> https://api.haitoutech.com:443 "POST /haitou-user/user/loginByEmail HTTP/1.1" 200 None
2020-06-02 23:01:16,057 test_1_login_excel.py setUp 26 DEBUG ---> 日志打印开始
2020-06-02 23:01:16,073 connectionpool.py _new_conn 823 DEBUG ---> Starting new HTTPS connection (1): api.haitoutech.com
2020-06-02 23:01:16,137 connectionpool.py _make_request 394 DEBUG ---> https://api.haitoutech.com:443 "POST /haitou-user/user/loginByEmail HTTP/1.1" 200 None
2020-06-02 23:01:50,284 test_1_login_excel.py setUp 26 DEBUG ---> 日志打印开始
2020-06-02 23:01:50,300 connectionpool.py _new_conn 823 DEBUG ---> Starting new HTTPS connection (1): api.haitoutech.com
2020-06-02 23:01:50,378 connectionpool.py _make_request 394 DEBUG ---> https://api.haitoutech.com:443 "POST /haitou-user/user/loginByMobile HTTP/1.1" 200 None
2020-06-02 23:01:50,394 test_1_login_excel.py setUp 26 DEBUG ---> 日志打印开始
2020-06-02 23:01:50,398 connectionpool.py _new_conn 823 DEBUG ---> Starting new HTTPS connection (1): api.haitoutech.com
2020-06-02 23:01:50,455 connectionpool.py _make_request 394 DEBUG ---> https://api.haitoutech.com:443 "POST /haitou-user/user/loginByMobile HTTP/1.1" 200 None
2020-06-02 23:01:50,486 test_1_login_excel.py setUp 26 DEBUG ---> 日志打印开始
2020-06-02 23:01:50,486 connectionpool.py _new_conn 823 DEBUG ---> Starting new HTTPS connection (1): api.haitoutech.com
2020-06-02 23:01:50,549 connectionpool.py _make_request 394 DEBUG ---> https://api.haitoutech.com:443 "POST /haitou-user/user/loginByMobile HTTP/1.1" 200 None
2020-06-02 23:01:50,549 test_1_login_excel.py setUp 26 DEBUG ---> 日志打印开始
2020-06-02 23:01:50,564 connectionpool.py _new_conn 823 DEBUG ---> Starting new HTTPS connection (1): api.haitoutech.com
2020-06-02 23:01:50,638 connectionpool.py _make_request 394 DEBUG ---> https://api.haitoutech.com:443 "POST /haitou-user/user/loginByMobile HTTP/1.1" 200 None
2020-06-02 23:01:50,638 test_1_login_excel.py setUp 26 DEBUG ---> 日志打印开始
2020-06-02 23:01:50,654 connectionpool.py _new_conn 823 DEBUG ---> Starting new HTTPS connection (1): api.haitoutech.com
2020-06-02 23:01:50,716 connectionpool.py _make_request 394 DEBUG ---> https://api.haitoutech.com:443 "POST /haitou-user/user/loginByMobile HTTP/1.1" 200 None
2020-06-02 23:01:50,716 test_1_login_excel.py setUp 26 DEBUG ---> 日志打印开始
2020-06-02 23:01:50,732 connectionpool.py _new_conn 823 DEBUG ---> Starting new HTTPS connection (1): api.haitoutech.com
2020-06-02 23:01:50,800 connectionpool.py _make_request 394 DEBUG ---> https://api.haitoutech.com:443 "POST /haitou-user/user/loginByMobile HTTP/1.1" 200 None
2020-06-02 23:01:50,805 test_1_login_excel.py setUp 26 DEBUG ---> 日志打印开始
2020-06-02 23:01:50,808 connectionpool.py _new_conn 823 DEBUG ---> Starting new HTTPS connection (1): api.haitoutech.com
2020-06-02 23:01:50,870 connectionpool.py _make_request 394 DEBUG ---> https://api.haitoutech.com:443 "POST /haitou-user/user/loginByMobile HTTP/1.1" 200 None
2020-06-02 23:01:50,886 test_1_login_excel.py setUp 26 DEBUG ---> 日志打印开始
2020-06-02 23:01:50,902 connectionpool.py _new_conn 823 DEBUG ---> Starting new HTTPS connection (1): api.haitoutech.com
2020-06-02 23:01:50,964 connectionpool.py _make_request 394 DEBUG ---> https://api.haitoutech.com:443 "POST /haitou-user/user/loginByMobile HTTP/1.1" 200 None
2020-06-02 23:01:50,964 test_1_login_excel.py setUp 26 DEBUG ---> 日志打印开始
2020-06-02 23:01:50,980 connectionpool.py _new_conn 823 DEBUG ---> Starting new HTTPS connection (1): api.haitoutech.com
2020-06-02 23:01:51,038 connectionpool.py _make_request 394 DEBUG ---> https://api.haitoutech.com:443 "POST /haitou-user/user/loginByMobile HTTP/1.1" 200 None
2020-06-02 23:01:51,038 test_1_login_excel.py setUp 26 DEBUG ---> 日志打印开始
2020-06-02 23:01:51,053 connectionpool.py _new_conn 823 DEBUG ---> Starting new HTTPS connection (1): api.haitoutech.com
2020-06-02 23:01:51,116 connectionpool.py _make_request 394 DEBUG ---> https://api.haitoutech.com:443 "POST /haitou-user/user/loginByMobile HTTP/1.1" 200 None
2020-06-02 23:01:51,116 test_1_login_excel.py setUp 26 DEBUG ---> 日志打印开始
2020-06-02 23:01:51,132 connectionpool.py _new_conn 823 DEBUG ---> Starting new HTTPS connection (1): api.haitoutech.com
2020-06-02 23:01:51,206 connectionpool.py _make_request 394 DEBUG ---> https://api.haitoutech.com:443 "POST /haitou-user/user/loginByEmail HTTP/1.1" 200 None
2020-06-02 23:01:51,209 test_1_login_excel.py setUp 26 DEBUG ---> 日志打印开始
2020-06-02 23:01:51,215 connectionpool.py _new_conn 823 DEBUG ---> Starting new HTTPS connection (1): api.haitoutech.com
2020-06-02 23:01:51,270 connectionpool.py _make_request 394 DEBUG ---> https://api.haitoutech.com:443 "POST /haitou-user/user/loginByEmail HTTP/1.1" 200 None
2020-06-02 23:01:51,270 test_1_login_excel.py setUp 26 DEBUG ---> 日志打印开始
2020-06-02 23:01:51,286 connectionpool.py _new_conn 823 DEBUG ---> Starting new HTTPS connection (1): api.haitoutech.com
2020-06-02 23:01:51,345 connectionpool.py _make_request 394 DEBUG ---> https://api.haitoutech.com:443 "POST /haitou-user/user/loginByEmail HTTP/1.1" 200 None
2020-06-02 23:01:51,361 test_1_login_excel.py setUp 26 DEBUG ---> 日志打印开始
2020-06-02 23:01:51,377 connectionpool.py _new_conn 823 DEBUG ---> Starting new HTTPS connection (1): api.haitoutech.com
2020-06-02 23:01:51,439 connectionpool.py _make_request 394 DEBUG ---> https://api.haitoutech.com:443 "POST /haitou-user/user/loginByEmail HTTP/1.1" 200 None
2020-06-02 23:01:51,439 test_1_login_excel.py setUp 26 DEBUG ---> 日志打印开始
2020-06-02 23:01:51,454 connectionpool.py _new_conn 823 DEBUG ---> Starting new HTTPS connection (1): api.haitoutech.com
2020-06-02 23:01:51,517 connectionpool.py _make_request 394 DEBUG ---> https://api.haitoutech.com:443 "POST /haitou-user/user/loginByEmail HTTP/1.1" 200 None
2020-06-02 23:01:51,517 test_1_login_excel.py setUp 26 DEBUG ---> 日志打印开始
2020-06-02 23:01:51,532 connectionpool.py _new_conn 823 DEBUG ---> Starting new HTTPS connection (1): api.haitoutech.com
2020-06-02 23:01:51,614 connectionpool.py _make_request 394 DEBUG ---> https://api.haitoutech.com:443 "POST /haitou-user/user/loginByEmail HTTP/1.1" 200 None
2020-06-02 23:01:51,621 test_1_login_excel.py setUp 26 DEBUG ---> 日志打印开始
2020-06-02 23:01:51,626 connectionpool.py _new_conn 823 DEBUG ---> Starting new HTTPS connection (1): api.haitoutech.com
2020-06-02 23:01:51,686 connectionpool.py _make_request 394 DEBUG ---> https://api.haitoutech.com:443 "POST /haitou-user/user/loginByEmail HTTP/1.1" 200 None
2020-06-02 23:02:46,900 test_1_login_excel.py setUp 26 DEBUG ---> 日志打印开始
2020-06-02 23:02:46,916 connectionpool.py _new_conn 207 DEBUG ---> Starting new HTTP connection (1): api.haitoutech.com
2020-06-02 23:02:46,931 connectionpool.py _make_request 394 DEBUG ---> http://api.haitoutech.com:80 "POST /loginByMobile HTTP/1.1" 404 None
2020-06-02 23:02:46,947 test_1_login_excel.py setUp 26 DEBUG ---> 日志打印开始
2020-06-02 23:02:46,947 connectionpool.py _new_conn 207 DEBUG ---> Starting new HTTP connection (1): api.haitoutech.com
2020-06-02 23:02:46,963 connectionpool.py _make_request 394 DEBUG ---> http://api.haitoutech.com:80 "POST /loginByMobile HTTP/1.1" 404 None
2020-06-02 23:02:46,978 test_1_login_excel.py setUp 26 DEBUG ---> 日志打印开始
2020-06-02 23:02:46,978 connectionpool.py _new_conn 207 DEBUG ---> Starting new HTTP connection (1): api.haitoutech.com
2020-06-02 23:02:47,000 connectionpool.py _make_request 394 DEBUG ---> http://api.haitoutech.com:80 "POST /loginByMobile HTTP/1.1" 404 None
2020-06-02 23:02:47,007 test_1_login_excel.py setUp 26 DEBUG ---> 日志打印开始
2020-06-02 23:02:47,013 connectionpool.py _new_conn 207 DEBUG ---> Starting new HTTP connection (1): api.haitoutech.com
2020-06-02 23:02:47,030 connectionpool.py _make_request 394 DEBUG ---> http://api.haitoutech.com:80 "POST /loginByMobile HTTP/1.1" 404 None
2020-06-02 23:02:47,035 test_1_login_excel.py setUp 26 DEBUG ---> 日志打印开始
2020-06-02 23:02:47,037 connectionpool.py _new_conn 207 DEBUG ---> Starting new HTTP connection (1): api.haitoutech.com
2020-06-02 23:02:47,053 connectionpool.py _make_request 394 DEBUG ---> http://api.haitoutech.com:80 "POST /loginByMobile HTTP/1.1" 404 None
2020-06-02 23:02:47,089 test_1_login_excel.py setUp 26 DEBUG ---> 日志打印开始
2020-06-02 23:02:47,089 connectionpool.py _new_conn 207 DEBUG ---> Starting new HTTP connection (1): api.haitoutech.com
2020-06-02 23:02:47,105 connectionpool.py _make_request 394 DEBUG ---> http://api.haitoutech.com:80 "POST /loginByMobile HTTP/1.1" 404 None
2020-06-02 23:02:47,120 test_1_login_excel.py setUp 26 DEBUG ---> 日志打印开始
2020-06-02 23:02:47,120 connectionpool.py _new_conn 207 DEBUG ---> Starting new HTTP connection (1): api.haitoutech.com
2020-06-02 23:02:47,136 connectionpool.py _make_request 394 DEBUG ---> http://api.haitoutech.com:80 "POST /loginByMobile HTTP/1.1" 404 None
2020-06-02 23:02:47,151 test_1_login_excel.py setUp 26 DEBUG ---> 日志打印开始
2020-06-02 23:02:47,151 connectionpool.py _new_conn 207 DEBUG ---> Starting new HTTP connection (1): api.haitoutech.com
2020-06-02 23:02:47,167 connectionpool.py _make_request 394 DEBUG ---> http://api.haitoutech.com:80 "POST /loginByMobile HTTP/1.1" 404 None
2020-06-02 23:02:47,183 test_1_login_excel.py setUp 26 DEBUG ---> 日志打印开始
2020-06-02 23:02:47,183 connectionpool.py _new_conn 207 DEBUG ---> Starting new HTTP connection (1): api.haitoutech.com
2020-06-02 23:02:47,203 connectionpool.py _make_request 394 DEBUG ---> http://api.haitoutech.com:80 "POST /loginByMobile HTTP/1.1" 404 None
2020-06-02 23:02:47,207 test_1_login_excel.py setUp 26 DEBUG ---> 日志打印开始
2020-06-02 23:02:47,211 connectionpool.py _new_conn 207 DEBUG ---> Starting new HTTP connection (1): api.haitoutech.com
2020-06-02 23:02:47,220 connectionpool.py _make_request 394 DEBUG ---> http://api.haitoutech.com:80 "POST /loginByMobile HTTP/1.1" 404 None
2020-06-02 23:02:47,236 test_1_login_excel.py setUp 26 DEBUG ---> 日志打印开始
2020-06-02 23:02:47,236 connectionpool.py _new_conn 207 DEBUG ---> Starting new HTTP connection (1): api.haitoutech.com
2020-06-02 23:02:47,251 connectionpool.py _make_request 394 DEBUG ---> http://api.haitoutech.com:80 "POST /loginByEmail HTTP/1.1" 404 None
2020-06-02 23:02:47,267 test_1_login_excel.py setUp 26 DEBUG ---> 日志打印开始
2020-06-02 23:02:47,267 connectionpool.py _new_conn 207 DEBUG ---> Starting new HTTP connection (1): api.haitoutech.com
2020-06-02 23:02:47,282 connectionpool.py _make_request 394 DEBUG ---> http://api.haitoutech.com:80 "POST /loginByEmail HTTP/1.1" 404 None
2020-06-02 23:02:47,282 test_1_login_excel.py setUp 26 DEBUG ---> 日志打印开始
2020-06-02 23:02:47,298 connectionpool.py _new_conn 207 DEBUG ---> Starting new HTTP connection (1): api.haitoutech.com
2020-06-02 23:02:47,314 connectionpool.py _make_request 394 DEBUG ---> http://api.haitoutech.com:80 "POST /loginByEmail HTTP/1.1" 404 None
2020-06-02 23:02:47,329 test_1_login_excel.py setUp 26 DEBUG ---> 日志打印开始
2020-06-02 23:02:47,345 connectionpool.py _new_conn 207 DEBUG ---> Starting new HTTP connection (1): api.haitoutech.com
2020-06-02 23:02:47,361 connectionpool.py _make_request 394 DEBUG ---> http://api.haitoutech.com:80 "POST /loginByEmail HTTP/1.1" 404 None
2020-06-02 23:02:47,361 test_1_login_excel.py setUp 26 DEBUG ---> 日志打印开始
2020-06-02 23:02:47,376 connectionpool.py _new_conn 207 DEBUG ---> Starting new HTTP connection (1): api.haitoutech.com
2020-06-02 23:02:47,396 connectionpool.py _make_request 394 DEBUG ---> http://api.haitoutech.com:80 "POST /loginByEmail HTTP/1.1" 404 None
2020-06-02 23:02:47,400 test_1_login_excel.py setUp 26 DEBUG ---> 日志打印开始
2020-06-02 23:02:47,403 connectionpool.py _new_conn 207 DEBUG ---> Starting new HTTP connection (1): api.haitoutech.com
2020-06-02 23:02:47,419 connectionpool.py _make_request 394 DEBUG ---> http://api.haitoutech.com:80 "POST /loginByEmail HTTP/1.1" 404 None
2020-06-02 23:02:47,426 test_1_login_excel.py setUp 26 DEBUG ---> 日志打印开始
2020-06-02 23:02:47,430 connectionpool.py _new_conn 207 DEBUG ---> Starting new HTTP connection (1): api.haitoutech.com
2020-06-02 23:02:47,437 connectionpool.py _make_request 394 DEBUG ---> http://api.haitoutech.com:80 "POST /loginByEmail HTTP/1.1" 404 None
2020-06-02 23:04:15,895 test_1_login_excel.py setUp 26 DEBUG ---> 日志打印开始
2020-06-02 23:04:15,910 connectionpool.py _new_conn 207 DEBUG ---> Starting new HTTP connection (1): api.haitoutech.com
2020-06-02 23:04:15,941 connectionpool.py _make_request 394 DEBUG ---> http://api.haitoutech.com:80 "POST /loginByMobile HTTP/1.1" 404 None
2020-06-02 23:04:15,957 test_1_login_excel.py setUp 26 DEBUG ---> 日志打印开始
2020-06-02 23:04:15,957 connectionpool.py _new_conn 207 DEBUG ---> Starting new HTTP connection (1): api.haitoutech.com
2020-06-02 23:04:15,973 connectionpool.py _make_request 394 DEBUG ---> http://api.haitoutech.com:80 "POST /loginByMobile HTTP/1.1" 404 None
2020-06-02 23:04:15,988 test_1_login_excel.py setUp 26 DEBUG ---> 日志打印开始
2020-06-02 23:04:15,992 connectionpool.py _new_conn 207 DEBUG ---> Starting new HTTP connection (1): api.haitoutech.com
2020-06-02 23:04:16,007 connectionpool.py _make_request 394 DEBUG ---> http://api.haitoutech.com:80 "POST /loginByMobile HTTP/1.1" 404 None
2020-06-02 23:04:16,011 test_1_login_excel.py setUp 26 DEBUG ---> 日志打印开始
2020-06-02 23:04:16,016 connectionpool.py _new_conn 207 DEBUG ---> Starting new HTTP connection (1): api.haitoutech.com
2020-06-02 23:04:16,032 connectionpool.py _make_request 394 DEBUG ---> http://api.haitoutech.com:80 "POST /loginByMobile HTTP/1.1" 404 None
2020-06-02 23:04:16,048 test_1_login_excel.py setUp 26 DEBUG ---> 日志打印开始
2020-06-02 23:04:16,048 connectionpool.py _new_conn 207 DEBUG ---> Starting new HTTP connection (1): api.haitoutech.com
2020-06-02 23:04:16,063 connectionpool.py _make_request 394 DEBUG ---> http://api.haitoutech.com:80 "POST /loginByMobile HTTP/1.1" 404 None
2020-06-02 23:04:16,079 test_1_login_excel.py setUp 26 DEBUG ---> 日志打印开始
2020-06-02 23:04:16,079 connectionpool.py _new_conn 207 DEBUG ---> Starting new HTTP connection (1): api.haitoutech.com
2020-06-02 23:04:16,094 connectionpool.py _make_request 394 DEBUG ---> http://api.haitoutech.com:80 "POST /loginByMobile HTTP/1.1" 404 None
2020-06-02 23:04:16,110 test_1_login_excel.py setUp 26 DEBUG ---> 日志打印开始
2020-06-02 23:04:16,110 connectionpool.py _new_conn 207 DEBUG ---> Starting new HTTP connection (1): api.haitoutech.com
2020-06-02 23:04:16,126 connectionpool.py _make_request 394 DEBUG ---> http://api.haitoutech.com:80 "POST /loginByMobile HTTP/1.1" 404 None
2020-06-02 23:04:16,141 test_1_login_excel.py setUp 26 DEBUG ---> 日志打印开始
2020-06-02 23:04:16,141 connectionpool.py _new_conn 207 DEBUG ---> Starting new HTTP connection (1): api.haitoutech.com
2020-06-02 23:04:16,157 connectionpool.py _make_request 394 DEBUG ---> http://api.haitoutech.com:80 "POST /loginByMobile HTTP/1.1" 404 None
2020-06-02 23:04:16,172 test_1_login_excel.py setUp 26 DEBUG ---> 日志打印开始
2020-06-02 23:04:16,172 connectionpool.py _new_conn 207 DEBUG ---> Starting new HTTP connection (1): api.haitoutech.com
2020-06-02 23:04:16,191 connectionpool.py _make_request 394 DEBUG ---> http://api.haitoutech.com:80 "POST /loginByMobile HTTP/1.1" 404 None
2020-06-02 23:04:16,197 test_1_login_excel.py setUp 26 DEBUG ---> 日志打印开始
2020-06-02 23:04:16,201 connectionpool.py _new_conn 207 DEBUG ---> Starting new HTTP connection (1): api.haitoutech.com
2020-06-02 23:04:16,216 connectionpool.py _make_request 394 DEBUG ---> http://api.haitoutech.com:80 "POST /loginByMobile HTTP/1.1" 404 None
2020-06-02 23:04:16,221 test_1_login_excel.py setUp 26 DEBUG ---> 日志打印开始
2020-06-02 23:04:16,223 connectionpool.py _new_conn 207 DEBUG ---> Starting new HTTP connection (1): api.haitoutech.com
2020-06-02 23:04:16,234 connectionpool.py _make_request 394 DEBUG ---> http://api.haitoutech.com:80 "POST /loginByEmail HTTP/1.1" 404 None
2020-06-02 23:04:16,249 test_1_login_excel.py setUp 26 DEBUG ---> 日志打印开始
2020-06-02 23:04:16,249 connectionpool.py _new_conn 207 DEBUG ---> Starting new HTTP connection (1): api.haitoutech.com
2020-06-02 23:04:16,265 connectionpool.py _make_request 394 DEBUG ---> http://api.haitoutech.com:80 "POST /loginByEmail HTTP/1.1" 404 None
2020-06-02 23:04:16,265 test_1_login_excel.py setUp 26 DEBUG ---> 日志打印开始
2020-06-02 23:04:16,281 connectionpool.py _new_conn 207 DEBUG ---> Starting new HTTP connection (1): api.haitoutech.com
2020-06-02 23:04:16,296 connectionpool.py _make_request 394 DEBUG ---> http://api.haitoutech.com:80 "POST /loginByEmail HTTP/1.1" 404 None
2020-06-02 23:04:16,296 test_1_login_excel.py setUp 26 DEBUG ---> 日志打印开始
2020-06-02 23:04:16,312 connectionpool.py _new_conn 207 DEBUG ---> Starting new HTTP connection (1): api.haitoutech.com
2020-06-02 23:04:16,328 connectionpool.py _make_request 394 DEBUG ---> http://api.haitoutech.com:80 "POST /loginByEmail HTTP/1.1" 404 None
2020-06-02 23:04:16,328 test_1_login_excel.py setUp 26 DEBUG ---> 日志打印开始
2020-06-02 23:04:16,343 connectionpool.py _new_conn 207 DEBUG ---> Starting new HTTP connection (1): api.haitoutech.com
2020-06-02 23:04:16,359 connectionpool.py _make_request 394 DEBUG ---> http://api.haitoutech.com:80 "POST /loginByEmail HTTP/1.1" 404 None
2020-06-02 23:04:16,359 test_1_login_excel.py setUp 26 DEBUG ---> 日志打印开始
2020-06-02 23:04:16,374 connectionpool.py _new_conn 207 DEBUG ---> Starting new HTTP connection (1): api.haitoutech.com
2020-06-02 23:04:16,397 connectionpool.py _make_request 394 DEBUG ---> http://api.haitoutech.com:80 "POST /loginByEmail HTTP/1.1" 404 None
2020-06-02 23:04:16,407 test_1_login_excel.py setUp 26 DEBUG ---> 日志打印开始
2020-06-02 23:04:16,416 connectionpool.py _new_conn 207 DEBUG ---> Starting new HTTP connection (1): api.haitoutech.com
2020-06-02 23:04:16,434 connectionpool.py _make_request 394 DEBUG ---> http://api.haitoutech.com:80 "POST /loginByEmail HTTP/1.1" 404 None
2020-06-02 23:05:16,822 test_1_login_excel.py setUp 26 DEBUG ---> 日志打印开始
2020-06-02 23:05:16,830 connectionpool.py _new_conn 207 DEBUG ---> Starting new HTTP connection (1): api.haitoutech.com
2020-06-02 23:05:16,893 connectionpool.py _make_request 394 DEBUG ---> http://api.haitoutech.com:80 "POST /loginByMobile HTTP/1.1" 404 None
2020-06-02 23:05:16,909 test_1_login_excel.py setUp 26 DEBUG ---> 日志打印开始
2020-06-02 23:05:16,909 connectionpool.py _new_conn 207 DEBUG ---> Starting new HTTP connection (1): api.haitoutech.com
2020-06-02 23:05:16,925 connectionpool.py _make_request 394 DEBUG ---> http://api.haitoutech.com:80 "POST /loginByMobile HTTP/1.1" 404 None
2020-06-02 23:05:16,941 test_1_login_excel.py setUp 26 DEBUG ---> 日志打印开始
2020-06-02 23:05:16,942 connectionpool.py _new_conn 207 DEBUG ---> Starting new HTTP connection (1): api.haitoutech.com
2020-06-02 23:05:16,942 connectionpool.py _make_request 394 DEBUG ---> http://api.haitoutech.com:80 "POST /loginByMobile HTTP/1.1" 404 None
2020-06-02 23:05:16,973 test_1_login_excel.py setUp 26 DEBUG ---> 日志打印开始
2020-06-02 23:05:16,973 connectionpool.py _new_conn 207 DEBUG ---> Starting new HTTP connection (1): api.haitoutech.com
2020-06-02 23:05:16,989 connectionpool.py _make_request 394 DEBUG ---> http://api.haitoutech.com:80 "POST /loginByMobile HTTP/1.1" 404 None
2020-06-02 23:05:16,996 test_1_login_excel.py setUp 26 DEBUG ---> 日志打印开始
2020-06-02 23:05:16,999 connectionpool.py _new_conn 207 DEBUG ---> Starting new HTTP connection (1): api.haitoutech.com
2020-06-02 23:05:17,012 connectionpool.py _make_request 394 DEBUG ---> http://api.haitoutech.com:80 "POST /loginByMobile HTTP/1.1" 404 None
2020-06-02 23:05:17,030 test_1_login_excel.py setUp 26 DEBUG ---> 日志打印开始
2020-06-02 23:05:17,030 connectionpool.py _new_conn 207 DEBUG ---> Starting new HTTP connection (1): api.haitoutech.com
2020-06-02 23:05:17,045 connectionpool.py _make_request 394 DEBUG ---> http://api.haitoutech.com:80 "POST /loginByMobile HTTP/1.1" 404 None
2020-06-02 23:05:17,061 test_1_login_excel.py setUp 26 DEBUG ---> 日志打印开始
2020-06-02 23:05:17,061 connectionpool.py _new_conn 207 DEBUG ---> Starting new HTTP connection (1): api.haitoutech.com
2020-06-02 23:05:17,076 connectionpool.py _make_request 394 DEBUG ---> http://api.haitoutech.com:80 "POST /loginByMobile HTTP/1.1" 404 None
2020-06-02 23:05:17,092 test_1_login_excel.py setUp 26 DEBUG ---> 日志打印开始
2020-06-02 23:05:17,092 connectionpool.py _new_conn 207 DEBUG ---> Starting new HTTP connection (1): api.haitoutech.com
2020-06-02 23:05:17,107 connectionpool.py _make_request 394 DEBUG ---> http://api.haitoutech.com:80 "POST /loginByMobile HTTP/1.1" 404 None
2020-06-02 23:05:17,123 test_1_login_excel.py setUp 26 DEBUG ---> 日志打印开始
2020-06-02 23:05:17,123 connectionpool.py _new_conn 207 DEBUG ---> Starting new HTTP connection (1): api.haitoutech.com
2020-06-02 23:05:17,139 connectionpool.py _make_request 394 DEBUG ---> http://api.haitoutech.com:80 "POST /loginByMobile HTTP/1.1" 404 None
2020-06-02 23:05:17,155 test_1_login_excel.py setUp 26 DEBUG ---> 日志打印开始
2020-06-02 23:05:17,155 connectionpool.py _new_conn 207 DEBUG ---> Starting new HTTP connection (1): api.haitoutech.com
2020-06-02 23:05:17,171 connectionpool.py _make_request 394 DEBUG ---> http://api.haitoutech.com:80 "POST /loginByMobile HTTP/1.1" 404 None
2020-06-02 23:05:17,198 test_1_login_excel.py setUp 26 DEBUG ---> 日志打印开始
2020-06-02 23:05:17,200 connectionpool.py _new_conn 207 DEBUG ---> Starting new HTTP connection (1): api.haitoutech.com
2020-06-02 23:05:17,213 connectionpool.py _make_request 394 DEBUG ---> http://api.haitoutech.com:80 "POST /loginByEmail HTTP/1.1" 404 None
2020-06-02 23:05:17,221 test_1_login_excel.py setUp 26 DEBUG ---> 日志打印开始
2020-06-02 23:05:17,224 connectionpool.py _new_conn 207 DEBUG ---> Starting new HTTP connection (1): api.haitoutech.com
2020-06-02 23:05:17,241 connectionpool.py _make_request 394 DEBUG ---> http://api.haitoutech.com:80 "POST /loginByEmail HTTP/1.1" 404 None
2020-06-02 23:05:17,244 test_1_login_excel.py setUp 26 DEBUG ---> 日志打印开始
2020-06-02 23:05:17,247 connectionpool.py _new_conn 207 DEBUG ---> Starting new HTTP connection (1): api.haitoutech.com
2020-06-02 23:05:17,263 connectionpool.py _make_request 394 DEBUG ---> http://api.haitoutech.com:80 "POST /loginByEmail HTTP/1.1" 404 None
2020-06-02 23:05:17,263 test_1_login_excel.py setUp 26 DEBUG ---> 日志打印开始
2020-06-02 23:05:17,279 connectionpool.py _new_conn 207 DEBUG ---> Starting new HTTP connection (1): api.haitoutech.com
2020-06-02 23:05:17,294 connectionpool.py _make_request 394 DEBUG ---> http://api.haitoutech.com:80 "POST /loginByEmail HTTP/1.1" 404 None
2020-06-02 23:05:17,294 test_1_login_excel.py setUp 26 DEBUG ---> 日志打印开始
2020-06-02 23:05:17,313 connectionpool.py _new_conn 207 DEBUG ---> Starting new HTTP connection (1): api.haitoutech.com
2020-06-02 23:05:17,326 connectionpool.py _make_request 394 DEBUG ---> http://api.haitoutech.com:80 "POST /loginByEmail HTTP/1.1" 404 None
2020-06-02 23:05:17,326 test_1_login_excel.py setUp 26 DEBUG ---> 日志打印开始
2020-06-02 23:05:17,342 connectionpool.py _new_conn 207 DEBUG ---> Starting new HTTP connection (1): api.haitoutech.com
2020-06-02 23:05:17,358 connectionpool.py _make_request 394 DEBUG ---> http://api.haitoutech.com:80 "POST /loginByEmail HTTP/1.1" 404 None
2020-06-02 23:05:17,358 test_1_login_excel.py setUp 26 DEBUG ---> 日志打印开始
2020-06-02 23:05:17,373 connectionpool.py _new_conn 207 DEBUG ---> Starting new HTTP connection (1): api.haitoutech.com
2020-06-02 23:05:17,389 connectionpool.py _make_request 394 DEBUG ---> http://api.haitoutech.com:80 "POST /loginByEmail HTTP/1.1" 404 None
2020-06-02 23:06:47,905 test_1_login_excel.py setUp 26 DEBUG ---> 日志打印开始
2020-06-02 23:06:47,921 connectionpool.py _new_conn 207 DEBUG ---> Starting new HTTP connection (1): api.haitoutech.com
2020-06-02 23:06:47,936 connectionpool.py _make_request 394 DEBUG ---> http://api.haitoutech.com:80 "POST /loginByMobile HTTP/1.1" 404 None
2020-06-02 23:06:47,968 test_1_login_excel.py setUp 26 DEBUG ---> 日志打印开始
2020-06-02 23:06:47,968 connectionpool.py _new_conn 207 DEBUG ---> Starting new HTTP connection (1): api.haitoutech.com
2020-06-02 23:06:47,983 connectionpool.py _make_request 394 DEBUG ---> http://api.haitoutech.com:80 "POST /loginByMobile HTTP/1.1" 404 None
2020-06-02 23:06:47,999 test_1_login_excel.py setUp 26 DEBUG ---> 日志打印开始
2020-06-02 23:06:48,003 connectionpool.py _new_conn 207 DEBUG ---> Starting new HTTP connection (1): api.haitoutech.com
2020-06-02 23:06:48,021 connectionpool.py _make_request 394 DEBUG ---> http://api.haitoutech.com:80 "POST /loginByMobile HTTP/1.1" 404 None
2020-06-02 23:06:48,025 test_1_login_excel.py setUp 26 DEBUG ---> 日志打印开始
2020-06-02 23:06:48,027 connectionpool.py _new_conn 207 DEBUG ---> Starting new HTTP connection (1): api.haitoutech.com
2020-06-02 23:06:48,043 connectionpool.py _make_request 394 DEBUG ---> http://api.haitoutech.com:80 "POST /loginByMobile HTTP/1.1" 404 None
2020-06-02 23:06:48,058 test_1_login_excel.py setUp 26 DEBUG ---> 日志打印开始
2020-06-02 23:06:48,074 connectionpool.py _new_conn 207 DEBUG ---> Starting new HTTP connection (1): api.haitoutech.com
2020-06-02 23:06:48,090 connectionpool.py _make_request 394 DEBUG ---> http://api.haitoutech.com:80 "POST /loginByMobile HTTP/1.1" 404 None
2020-06-02 23:06:48,105 test_1_login_excel.py setUp 26 DEBUG ---> 日志打印开始
2020-06-02 23:06:48,105 connectionpool.py _new_conn 207 DEBUG ---> Starting new HTTP connection (1): api.haitoutech.com
2020-06-02 23:06:48,121 connectionpool.py _make_request 394 DEBUG ---> http://api.haitoutech.com:80 "POST /loginByMobile HTTP/1.1" 404 None
2020-06-02 23:06:48,136 test_1_login_excel.py setUp 26 DEBUG ---> 日志打印开始
2020-06-02 23:06:48,136 connectionpool.py _new_conn 207 DEBUG ---> Starting new HTTP connection (1): api.haitoutech.com
2020-06-02 23:06:48,152 connectionpool.py _make_request 394 DEBUG ---> http://api.haitoutech.com:80 "POST /loginByMobile HTTP/1.1" 404 None
2020-06-02 23:06:48,168 test_1_login_excel.py setUp 26 DEBUG ---> 日志打印开始
2020-06-02 23:06:48,183 connectionpool.py _new_conn 207 DEBUG ---> Starting new HTTP connection (1): api.haitoutech.com
2020-06-02 23:06:48,206 connectionpool.py _make_request 394 DEBUG ---> http://api.haitoutech.com:80 "POST /loginByMobile HTTP/1.1" 404 None
2020-06-02 23:06:48,211 test_1_login_excel.py setUp 26 DEBUG ---> 日志打印开始
2020-06-02 23:06:48,216 connectionpool.py _new_conn 207 DEBUG ---> Starting new HTTP connection (1): api.haitoutech.com
2020-06-02 23:06:48,231 connectionpool.py _make_request 394 DEBUG ---> http://api.haitoutech.com:80 "POST /loginByMobile HTTP/1.1" 404 None
2020-06-02 23:06:48,241 test_1_login_excel.py setUp 26 DEBUG ---> 日志打印开始
2020-06-02 23:06:48,243 connectionpool.py _new_conn 207 DEBUG ---> Starting new HTTP connection (1): api.haitoutech.com
2020-06-02 23:06:48,259 connectionpool.py _make_request 394 DEBUG ---> http://api.haitoutech.com:80 "POST /loginByMobile HTTP/1.1" 404 None
2020-06-02 23:06:48,275 test_1_login_excel.py setUp 26 DEBUG ---> 日志打印开始
2020-06-02 23:06:48,290 connectionpool.py _new_conn 207 DEBUG ---> Starting new HTTP connection (1): api.haitoutech.com
2020-06-02 23:06:48,306 connectionpool.py _make_request 394 DEBUG ---> http://api.haitoutech.com:80 "POST /loginByEmail HTTP/1.1" 404 None
2020-06-02 23:06:48,322 test_1_login_excel.py setUp 26 DEBUG ---> 日志打印开始
2020-06-02 23:06:48,322 connectionpool.py _new_conn 207 DEBUG ---> Starting new HTTP connection (1): api.haitoutech.com
2020-06-02 23:06:48,337 connectionpool.py _make_request 394 DEBUG ---> http://api.haitoutech.com:80 "POST /loginByEmail HTTP/1.1" 404 None
2020-06-02 23:06:48,337 test_1_login_excel.py setUp 26 DEBUG ---> 日志打印开始
2020-06-02 23:06:48,353 connectionpool.py _new_conn 207 DEBUG ---> Starting new HTTP connection (1): api.haitoutech.com
2020-06-02 23:06:48,368 connectionpool.py _make_request 394 DEBUG ---> http://api.haitoutech.com:80 "POST /loginByEmail HTTP/1.1" 404 None
2020-06-02 23:06:48,368 test_1_login_excel.py setUp 26 DEBUG ---> 日志打印开始
2020-06-02 23:06:48,384 connectionpool.py _new_conn 207 DEBUG ---> Starting new HTTP connection (1): api.haitoutech.com
2020-06-02 23:06:48,400 connectionpool.py _make_request 394 DEBUG ---> http://api.haitoutech.com:80 "POST /loginByEmail HTTP/1.1" 404 None
2020-06-02 23:06:48,402 test_1_login_excel.py setUp 26 DEBUG ---> 日志打印开始
2020-06-02 23:06:48,409 connectionpool.py _new_conn 207 DEBUG ---> Starting new HTTP connection (1): api.haitoutech.com
2020-06-02 23:06:48,424 connectionpool.py _make_request 394 DEBUG ---> http://api.haitoutech.com:80 "POST /loginByEmail HTTP/1.1" 404 None
2020-06-02 23:06:48,426 test_1_login_excel.py setUp 26 DEBUG ---> 日志打印开始
2020-06-02 23:06:48,431 connectionpool.py _new_conn 207 DEBUG ---> Starting new HTTP connection (1): api.haitoutech.com
2020-06-02 23:06:48,445 connectionpool.py _make_request 394 DEBUG ---> http://api.haitoutech.com:80 "POST /loginByEmail HTTP/1.1" 404 None
2020-06-02 23:06:48,445 test_1_login_excel.py setUp 26 DEBUG ---> 日志打印开始
2020-06-02 23:06:48,460 connectionpool.py _new_conn 207 DEBUG ---> Starting new HTTP connection (1): api.haitoutech.com
2020-06-02 23:06:48,476 connectionpool.py _make_request 394 DEBUG ---> http://api.haitoutech.com:80 "POST /loginByEmail HTTP/1.1" 404 None
2020-06-02 23:07:32,552 test_1_login_excel.py setUp 26 DEBUG ---> 日志打印开始
2020-06-02 23:07:32,568 connectionpool.py _new_conn 207 DEBUG ---> Starting new HTTP connection (1): api.haitoutech.com
2020-06-02 23:07:32,583 connectionpool.py _make_request 394 DEBUG ---> http://api.haitoutech.com:80 "POST /loginByMobile HTTP/1.1" 404 None
2020-06-02 23:07:32,605 test_1_login_excel.py setUp 26 DEBUG ---> 日志打印开始
2020-06-02 23:07:32,609 connectionpool.py _new_conn 207 DEBUG ---> Starting new HTTP connection (1): api.haitoutech.com
2020-06-02 23:07:32,624 connectionpool.py _make_request 394 DEBUG ---> http://api.haitoutech.com:80 "POST /loginByMobile HTTP/1.1" 404 None
2020-06-02 23:07:32,641 test_1_login_excel.py setUp 26 DEBUG ---> 日志打印开始
2020-06-02 23:07:32,644 connectionpool.py _new_conn 207 DEBUG ---> Starting new HTTP connection (1): api.haitoutech.com
2020-06-02 23:07:32,645 connectionpool.py _make_request 394 DEBUG ---> http://api.haitoutech.com:80 "POST /loginByMobile HTTP/1.1" 404 None
2020-06-02 23:07:32,676 test_1_login_excel.py setUp 26 DEBUG ---> 日志打印开始
2020-06-02 23:07:32,676 connectionpool.py _new_conn 207 DEBUG ---> Starting new HTTP connection (1): api.haitoutech.com
2020-06-02 23:07:32,692 connectionpool.py _make_request 394 DEBUG ---> http://api.haitoutech.com:80 "POST /loginByMobile HTTP/1.1" 404 None
2020-06-02 23:07:32,707 test_1_login_excel.py setUp 26 DEBUG ---> 日志打印开始
2020-06-02 23:07:32,723 connectionpool.py _new_conn 207 DEBUG ---> Starting new HTTP connection (1): api.haitoutech.com
2020-06-02 23:07:32,739 connectionpool.py _make_request 394 DEBUG ---> http://api.haitoutech.com:80 "POST /loginByMobile HTTP/1.1" 404 None
2020-06-02 23:07:32,754 test_1_login_excel.py setUp 26 DEBUG ---> 日志打印开始
2020-06-02 23:07:32,770 connectionpool.py _new_conn 207 DEBUG ---> Starting new HTTP connection (1): api.haitoutech.com
2020-06-02 23:07:32,785 connectionpool.py _make_request 394 DEBUG ---> http://api.haitoutech.com:80 "POST /loginByMobile HTTP/1.1" 404 None
2020-06-02 23:07:32,801 test_1_login_excel.py setUp 26 DEBUG ---> 日志打印开始
2020-06-02 23:07:32,804 connectionpool.py _new_conn 207 DEBUG ---> Starting new HTTP connection (1): api.haitoutech.com
2020-06-02 23:07:32,821 connectionpool.py _make_request 394 DEBUG ---> http://api.haitoutech.com:80 "POST /loginByMobile HTTP/1.1" 404 None
2020-06-02 23:07:32,829 test_1_login_excel.py setUp 26 DEBUG ---> 日志打印开始
2020-06-02 23:07:32,831 connectionpool.py _new_conn 207 DEBUG ---> Starting new HTTP connection (1): api.haitoutech.com
2020-06-02 23:07:32,843 connectionpool.py _make_request 394 DEBUG ---> http://api.haitoutech.com:80 "POST /loginByMobile HTTP/1.1" 404 None
2020-06-02 23:07:32,859 test_1_login_excel.py setUp 26 DEBUG ---> 日志打印开始
2020-06-02 23:07:32,874 connectionpool.py _new_conn 207 DEBUG ---> Starting new HTTP connection (1): api.haitoutech.com
2020-06-02 23:07:32,890 connectionpool.py _make_request 394 DEBUG ---> http://api.haitoutech.com:80 "POST /loginByMobile HTTP/1.1" 404 None
2020-06-02 23:07:32,906 test_1_login_excel.py setUp 26 DEBUG ---> 日志打印开始
2020-06-02 23:07:32,921 connectionpool.py _new_conn 207 DEBUG ---> Starting new HTTP connection (1): api.haitoutech.com
2020-06-02 23:07:32,937 connectionpool.py _make_request 394 DEBUG ---> http://api.haitoutech.com:80 "POST /loginByMobile HTTP/1.1" 404 None
2020-06-02 23:07:32,954 test_1_login_excel.py setUp 26 DEBUG ---> 日志打印开始
2020-06-02 23:07:32,969 connectionpool.py _new_conn 207 DEBUG ---> Starting new HTTP connection (1): api.haitoutech.com
2020-06-02 23:07:32,985 connectionpool.py _make_request 394 DEBUG ---> http://api.haitoutech.com:80 "POST /loginByEmail HTTP/1.1" 404 None
2020-06-02 23:07:33,001 test_1_login_excel.py setUp 26 DEBUG ---> 日志打印开始
2020-06-02 23:07:33,007 connectionpool.py _new_conn 207 DEBUG ---> Starting new HTTP connection (1): api.haitoutech.com
2020-06-02 23:07:33,020 connectionpool.py _make_request 394 DEBUG ---> http://api.haitoutech.com:80 "POST /loginByEmail HTTP/1.1" 404 None
2020-06-02 23:07:33,024 test_1_login_excel.py setUp 26 DEBUG ---> 日志打印开始
2020-06-02 23:07:33,030 connectionpool.py _new_conn 207 DEBUG ---> Starting new HTTP connection (1): api.haitoutech.com
2020-06-02 23:07:33,043 connectionpool.py _make_request 394 DEBUG ---> http://api.haitoutech.com:80 "POST /loginByEmail HTTP/1.1" 404 None
2020-06-02 23:07:33,043 test_1_login_excel.py setUp 26 DEBUG ---> 日志打印开始
2020-06-02 23:07:33,071 connectionpool.py _new_conn 207 DEBUG ---> Starting new HTTP connection (1): api.haitoutech.com
2020-06-02 23:07:33,087 connectionpool.py _make_request 394 DEBUG ---> http://api.haitoutech.com:80 "POST /loginByEmail HTTP/1.1" 404 None
2020-06-02 23:07:33,087 test_1_login_excel.py setUp 26 DEBUG ---> 日志打印开始
2020-06-02 23:07:33,102 connectionpool.py _new_conn 207 DEBUG ---> Starting new HTTP connection (1): api.haitoutech.com
2020-06-02 23:07:33,118 connectionpool.py _make_request 394 DEBUG ---> http://api.haitoutech.com:80 "POST /loginByEmail HTTP/1.1" 404 None
2020-06-02 23:07:33,118 test_1_login_excel.py setUp 26 DEBUG ---> 日志打印开始
2020-06-02 23:07:33,133 connectionpool.py _new_conn 207 DEBUG ---> Starting new HTTP connection (1): api.haitoutech.com
2020-06-02 23:07:33,149 connectionpool.py _make_request 394 DEBUG ---> http://api.haitoutech.com:80 "POST /loginByEmail HTTP/1.1" 404 None
2020-06-02 23:07:33,149 test_1_login_excel.py setUp 26 DEBUG ---> 日志打印开始
2020-06-02 23:07:33,165 connectionpool.py _new_conn 207 DEBUG ---> Starting new HTTP connection (1): api.haitoutech.com
2020-06-02 23:07:33,180 connectionpool.py _make_request 394 DEBUG ---> http://api.haitoutech.com:80 "POST /loginByEmail HTTP/1.1" 404 None
2020-06-02 23:12:04,631 test_1_login_excel.py setUp 26 DEBUG ---> 日志打印开始
2020-06-02 23:12:04,647 connectionpool.py _new_conn 207 DEBUG ---> Starting new HTTP connection (1): api.haitoutech.com
2020-06-02 23:12:04,678 connectionpool.py _make_request 394 DEBUG ---> http://api.haitoutech.com:80 "POST /loginByMobile HTTP/1.1" 404 None
2020-06-02 23:12:04,694 test_1_login_excel.py setUp 26 DEBUG ---> 日志打印开始
2020-06-02 23:12:04,694 connectionpool.py _new_conn 207 DEBUG ---> Starting new HTTP connection (1): api.haitoutech.com
2020-06-02 23:12:04,709 connectionpool.py _make_request 394 DEBUG ---> http://api.haitoutech.com:80 "POST /loginByMobile HTTP/1.1" 404 None
2020-06-02 23:12:04,725 test_1_login_excel.py setUp 26 DEBUG ---> 日志打印开始
2020-06-02 23:12:04,725 connectionpool.py _new_conn 207 DEBUG ---> Starting new HTTP connection (1): api.haitoutech.com
2020-06-02 23:12:04,741 connectionpool.py _make_request 394 DEBUG ---> http://api.haitoutech.com:80 "POST /loginByMobile HTTP/1.1" 404 None
2020-06-02 23:12:04,756 test_1_login_excel.py setUp 26 DEBUG ---> 日志打印开始
2020-06-02 23:12:04,756 connectionpool.py _new_conn 207 DEBUG ---> Starting new HTTP connection (1): api.haitoutech.com
2020-06-02 23:12:04,772 connectionpool.py _make_request 394 DEBUG ---> http://api.haitoutech.com:80 "POST /loginByMobile HTTP/1.1" 404 None
2020-06-02 23:12:04,787 test_1_login_excel.py setUp 26 DEBUG ---> 日志打印开始
2020-06-02 23:12:04,787 connectionpool.py _new_conn 207 DEBUG ---> Starting new HTTP connection (1): api.haitoutech.com
2020-06-02 23:12:04,808 connectionpool.py _make_request 394 DEBUG ---> http://api.haitoutech.com:80 "POST /loginByMobile HTTP/1.1" 404 None
2020-06-02 23:12:04,816 test_1_login_excel.py setUp 26 DEBUG ---> 日志打印开始
2020-06-02 23:12:04,821 connectionpool.py _new_conn 207 DEBUG ---> Starting new HTTP connection (1): api.haitoutech.com
2020-06-02 23:12:04,836 connectionpool.py _make_request 394 DEBUG ---> http://api.haitoutech.com:80 "POST /loginByMobile HTTP/1.1" 404 None
2020-06-02 23:12:04,839 test_1_login_excel.py setUp 26 DEBUG ---> 日志打印开始
2020-06-02 23:12:04,845 connectionpool.py _new_conn 207 DEBUG ---> Starting new HTTP connection (1): api.haitoutech.com
2020-06-02 23:12:04,848 connectionpool.py _make_request 394 DEBUG ---> http://api.haitoutech.com:80 "POST /loginByMobile HTTP/1.1" 404 None
2020-06-02 23:12:04,864 test_1_login_excel.py setUp 26 DEBUG ---> 日志打印开始
2020-06-02 23:12:04,864 connectionpool.py _new_conn 207 DEBUG ---> Starting new HTTP connection (1): api.haitoutech.com
2020-06-02 23:12:04,879 connectionpool.py _make_request 394 DEBUG ---> http://api.haitoutech.com:80 "POST /loginByMobile HTTP/1.1" 404 None
2020-06-02 23:12:04,895 test_1_login_excel.py setUp 26 DEBUG ---> 日志打印开始
2020-06-02 23:12:04,895 connectionpool.py _new_conn 207 DEBUG ---> Starting new HTTP connection (1): api.haitoutech.com
2020-06-02 23:12:04,910 connectionpool.py _make_request 394 DEBUG ---> http://api.haitoutech.com:80 "POST /loginByMobile HTTP/1.1" 404 None
2020-06-02 23:12:04,926 test_1_login_excel.py setUp 26 DEBUG ---> 日志打印开始
2020-06-02 23:12:04,926 connectionpool.py _new_conn 207 DEBUG ---> Starting new HTTP connection (1): api.haitoutech.com
2020-06-02 23:12:04,942 connectionpool.py _make_request 394 DEBUG ---> http://api.haitoutech.com:80 "POST /loginByMobile HTTP/1.1" 404 None
2020-06-02 23:12:04,957 test_1_login_excel.py setUp 26 DEBUG ---> 日志打印开始
2020-06-02 23:12:04,957 connectionpool.py _new_conn 207 DEBUG ---> Starting new HTTP connection (1): api.haitoutech.com
2020-06-02 23:12:04,973 connectionpool.py _make_request 394 DEBUG ---> http://api.haitoutech.com:80 "POST /loginByEmail HTTP/1.1" 404 None
2020-06-02 23:12:04,989 test_1_login_excel.py setUp 26 DEBUG ---> 日志打印开始
2020-06-02 23:12:04,992 connectionpool.py _new_conn 207 DEBUG ---> Starting new HTTP connection (1): api.haitoutech.com
2020-06-02 23:12:05,006 connectionpool.py _make_request 394 DEBUG ---> http://api.haitoutech.com:80 "POST /loginByEmail HTTP/1.1" 404 None
2020-06-02 23:12:05,010 test_1_login_excel.py setUp 26 DEBUG ---> 日志打印开始
2020-06-02 23:12:05,014 connectionpool.py _new_conn 207 DEBUG ---> Starting new HTTP connection (1): api.haitoutech.com
2020-06-02 23:12:05,014 connectionpool.py _make_request 394 DEBUG ---> http://api.haitoutech.com:80 "POST /loginByEmail HTTP/1.1" 404 None
2020-06-02 23:12:05,030 test_1_login_excel.py setUp 26 DEBUG ---> 日志打印开始
2020-06-02 23:12:05,030 connectionpool.py _new_conn 207 DEBUG ---> Starting new HTTP connection (1): api.haitoutech.com
2020-06-02 23:12:05,045 connectionpool.py _make_request 394 DEBUG ---> http://api.haitoutech.com:80 "POST /loginByEmail HTTP/1.1" 404 None
2020-06-02 23:12:05,045 test_1_login_excel.py setUp 26 DEBUG ---> 日志打印开始
2020-06-02 23:12:05,061 connectionpool.py _new_conn 207 DEBUG ---> Starting new HTTP connection (1): api.haitoutech.com
2020-06-02 23:12:05,077 connectionpool.py _make_request 394 DEBUG ---> http://api.haitoutech.com:80 "POST /loginByEmail HTTP/1.1" 404 None
2020-06-02 23:12:05,077 test_1_login_excel.py setUp 26 DEBUG ---> 日志打印开始
2020-06-02 23:12:05,092 connectionpool.py _new_conn 207 DEBUG ---> Starting new HTTP connection (1): api.haitoutech.com
2020-06-02 23:12:05,108 connectionpool.py _make_request 394 DEBUG ---> http://api.haitoutech.com:80 "POST /loginByEmail HTTP/1.1" 404 None
2020-06-02 23:12:05,108 test_1_login_excel.py setUp 26 DEBUG ---> 日志打印开始
2020-06-02 23:12:05,124 connectionpool.py _new_conn 207 DEBUG ---> Starting new HTTP connection (1): api.haitoutech.com
2020-06-02 23:12:05,124 connectionpool.py _make_request 394 DEBUG ---> http://api.haitoutech.com:80 "POST /loginByEmail HTTP/1.1" 404 None
2020-06-02 23:14:50,320 test_1_login_excel.py setUp 26 DEBUG ---> 日志打印开始
2020-06-02 23:14:50,335 connectionpool.py _new_conn 207 DEBUG ---> Starting new HTTP connection (1): api.haitoutech.com
2020-06-02 23:14:50,367 connectionpool.py _make_request 394 DEBUG ---> http://api.haitoutech.com:80 "POST /haitou-user/user/loginByMobile HTTP/1.1" 200 None
2020-06-02 23:14:50,382 test_1_login_excel.py setUp 26 DEBUG ---> 日志打印开始
2020-06-02 23:14:50,401 connectionpool.py _new_conn 207 DEBUG ---> Starting new HTTP connection (1): api.haitoutech.com
2020-06-02 23:14:50,419 connectionpool.py _make_request 394 DEBUG ---> http://api.haitoutech.com:80 "POST /haitou-user/user/loginByMobile HTTP/1.1" 200 None
2020-06-02 23:14:50,421 test_1_login_excel.py setUp 26 DEBUG ---> 日志打印开始
2020-06-02 23:14:50,424 connectionpool.py _new_conn 207 DEBUG ---> Starting new HTTP connection (1): api.haitoutech.com
2020-06-02 23:14:50,442 connectionpool.py _make_request 394 DEBUG ---> http://api.haitoutech.com:80 "POST /haitou-user/user/loginByMobile HTTP/1.1" 200 None
2020-06-02 23:14:50,458 test_1_login_excel.py setUp 26 DEBUG ---> 日志打印开始
2020-06-02 23:14:50,461 connectionpool.py _new_conn 207 DEBUG ---> Starting new HTTP connection (1): api.haitoutech.com
2020-06-02 23:14:50,462 connectionpool.py _make_request 394 DEBUG ---> http://api.haitoutech.com:80 "POST /haitou-user/user/loginByMobile HTTP/1.1" 200 None
2020-06-02 23:14:50,493 test_1_login_excel.py setUp 26 DEBUG ---> 日志打印开始
2020-06-02 23:14:50,493 connectionpool.py _new_conn 207 DEBUG ---> Starting new HTTP connection (1): api.haitoutech.com
2020-06-02 23:14:50,509 connectionpool.py _make_request 394 DEBUG ---> http://api.haitoutech.com:80 "POST /haitou-user/user/loginByMobile HTTP/1.1" 200 None
2020-06-02 23:14:50,524 test_1_login_excel.py setUp 26 DEBUG ---> 日志打印开始
2020-06-02 23:14:50,524 connectionpool.py _new_conn 207 DEBUG ---> Starting new HTTP connection (1): api.haitoutech.com
2020-06-02 23:14:50,540 connectionpool.py _make_request 394 DEBUG ---> http://api.haitoutech.com:80 "POST /haitou-user/user/loginByMobile HTTP/1.1" 200 None
2020-06-02 23:14:50,556 test_1_login_excel.py setUp 26 DEBUG ---> 日志打印开始
2020-06-02 23:14:50,556 connectionpool.py _new_conn 207 DEBUG ---> Starting new HTTP connection (1): api.haitoutech.com
2020-06-02 23:14:50,571 connectionpool.py _make_request 394 DEBUG ---> http://api.haitoutech.com:80 "POST /haitou-user/user/loginByMobile HTTP/1.1" 200 None
2020-06-02 23:14:50,587 test_1_login_excel.py setUp 26 DEBUG ---> 日志打印开始
2020-06-02 23:14:50,587 connectionpool.py _new_conn 207 DEBUG ---> Starting new HTTP connection (1): api.haitoutech.com
2020-06-02 23:14:50,608 connectionpool.py _make_request 394 DEBUG ---> http://api.haitoutech.com:80 "POST /haitou-user/user/loginByMobile HTTP/1.1" 200 None
2020-06-02 23:14:50,611 test_1_login_excel.py setUp 26 DEBUG ---> 日志打印开始
2020-06-02 23:14:50,614 connectionpool.py _new_conn 207 DEBUG ---> Starting new HTTP connection (1): api.haitoutech.com
2020-06-02 23:14:50,630 connectionpool.py _make_request 394 DEBUG ---> http://api.haitoutech.com:80 "POST /haitou-user/user/loginByMobile HTTP/1.1" 200 None
2020-06-02 23:14:50,632 test_1_login_excel.py setUp 26 DEBUG ---> 日志打印开始
2020-06-02 23:14:50,636 connectionpool.py _new_conn 207 DEBUG ---> Starting new HTTP connection (1): api.haitoutech.com
2020-06-02 23:14:50,642 connectionpool.py _make_request 394 DEBUG ---> http://api.haitoutech.com:80 "POST /haitou-user/user/loginByMobile HTTP/1.1" 200 None
2020-06-02 23:14:50,658 test_1_login_excel.py setUp 26 DEBUG ---> 日志打印开始
2020-06-02 23:14:50,673 connectionpool.py _new_conn 207 DEBUG ---> Starting new HTTP connection (1): api.haitoutech.com
2020-06-02 23:14:50,689 connectionpool.py _make_request 394 DEBUG ---> http://api.haitoutech.com:80 "POST /haitou-user/user/loginByEmail HTTP/1.1" 200 None
2020-06-02 23:14:50,705 test_1_login_excel.py setUp 26 DEBUG ---> 日志打印开始
2020-06-02 23:14:50,720 connectionpool.py _new_conn 207 DEBUG ---> Starting new HTTP connection (1): api.haitoutech.com
2020-06-02 23:14:50,736 connectionpool.py _make_request 394 DEBUG ---> http://api.haitoutech.com:80 "POST /haitou-user/user/loginByEmail HTTP/1.1" 200 None
2020-06-02 23:14:50,751 test_1_login_excel.py setUp 26 DEBUG ---> 日志打印开始
2020-06-02 23:14:50,751 connectionpool.py _new_conn 207 DEBUG ---> Starting new HTTP connection (1): api.haitoutech.com
2020-06-02 23:14:50,767 connectionpool.py _make_request 394 DEBUG ---> http://api.haitoutech.com:80 "POST /haitou-user/user/loginByEmail HTTP/1.1" 200 None
2020-06-02 23:14:50,767 test_1_login_excel.py setUp 26 DEBUG ---> 日志打印开始
2020-06-02 23:14:50,783 connectionpool.py _new_conn 207 DEBUG ---> Starting new HTTP connection (1): api.haitoutech.com
2020-06-02 23:14:50,802 connectionpool.py _make_request 394 DEBUG ---> http://api.haitoutech.com:80 "POST /haitou-user/user/loginByEmail HTTP/1.1" 200 None
2020-06-02 23:14:50,803 test_1_login_excel.py setUp 26 DEBUG ---> 日志打印开始
2020-06-02 23:14:50,806 connectionpool.py _new_conn 207 DEBUG ---> Starting new HTTP connection (1): api.haitoutech.com
2020-06-02 23:14:50,823 connectionpool.py _make_request 394 DEBUG ---> http://api.haitoutech.com:80 "POST /haitou-user/user/loginByEmail HTTP/1.1" 200 None
2020-06-02 23:14:50,826 test_1_login_excel.py setUp 26 DEBUG ---> 日志打印开始
2020-06-02 23:14:50,830 connectionpool.py _new_conn 207 DEBUG ---> Starting new HTTP connection (1): api.haitoutech.com
2020-06-02 23:14:50,842 connectionpool.py _make_request 394 DEBUG ---> http://api.haitoutech.com:80 "POST /haitou-user/user/loginByEmail HTTP/1.1" 200 None
2020-06-02 23:14:50,842 test_1_login_excel.py setUp 26 DEBUG ---> 日志打印开始
2020-06-02 23:14:50,857 connectionpool.py _new_conn 207 DEBUG ---> Starting new HTTP connection (1): api.haitoutech.com
2020-06-02 23:14:50,873 connectionpool.py _make_request 394 DEBUG ---> http://api.haitoutech.com:80 "POST /haitou-user/user/loginByEmail HTTP/1.1" 200 None
2020-06-02 23:15:49,133 test_1_login_excel.py setUp 26 DEBUG ---> 日志打印开始
2020-06-02 23:15:49,164 connectionpool.py _new_conn 207 DEBUG ---> Starting new HTTP connection (1): api.haitoutech.com
2020-06-02 23:15:49,201 connectionpool.py _make_request 394 DEBUG ---> http://api.haitoutech.com:80 "POST /haitou-user/user/loginByMobile HTTP/1.1" 200 None
2020-06-02 23:15:49,207 test_1_login_excel.py setUp 26 DEBUG ---> 日志打印开始
2020-06-02 23:15:49,210 connectionpool.py _new_conn 207 DEBUG ---> Starting new HTTP connection (1): api.haitoutech.com
2020-06-02 23:15:49,234 connectionpool.py _make_request 394 DEBUG ---> http://api.haitoutech.com:80 "POST /haitou-user/user/loginByMobile HTTP/1.1" 200 None
2020-06-02 23:15:49,239 test_1_login_excel.py setUp 26 DEBUG ---> 日志打印开始
2020-06-02 23:15:49,239 connectionpool.py _new_conn 207 DEBUG ---> Starting new HTTP connection (1): api.haitoutech.com
2020-06-02 23:15:49,257 connectionpool.py _make_request 394 DEBUG ---> http://api.haitoutech.com:80 "POST /haitou-user/user/loginByMobile HTTP/1.1" 200 None
2020-06-02 23:15:49,283 test_1_login_excel.py setUp 26 DEBUG ---> 日志打印开始
2020-06-02 23:15:49,283 connectionpool.py _new_conn 207 DEBUG ---> Starting new HTTP connection (1): api.haitoutech.com
2020-06-02 23:15:49,298 connectionpool.py _make_request 394 DEBUG ---> http://api.haitoutech.com:80 "POST /haitou-user/user/loginByMobile HTTP/1.1" 200 None
2020-06-02 23:15:49,314 test_1_login_excel.py setUp 26 DEBUG ---> 日志打印开始
2020-06-02 23:15:49,318 connectionpool.py _new_conn 207 DEBUG ---> Starting new HTTP connection (1): api.haitoutech.com
2020-06-02 23:15:49,332 connectionpool.py _make_request 394 DEBUG ---> http://api.haitoutech.com:80 "POST /haitou-user/user/loginByMobile HTTP/1.1" 200 None
2020-06-02 23:15:49,348 test_1_login_excel.py setUp 26 DEBUG ---> 日志打印开始
2020-06-02 23:15:49,348 connectionpool.py _new_conn 207 DEBUG ---> Starting new HTTP connection (1): api.haitoutech.com
2020-06-02 23:15:49,363 connectionpool.py _make_request 394 DEBUG ---> http://api.haitoutech.com:80 "POST /haitou-user/user/loginByMobile HTTP/1.1" 200 None
2020-06-02 23:15:49,379 test_1_login_excel.py setUp 26 DEBUG ---> 日志打印开始
2020-06-02 23:15:49,379 connectionpool.py _new_conn 207 DEBUG ---> Starting new HTTP connection (1): api.haitoutech.com
2020-06-02 23:15:49,406 connectionpool.py _make_request 394 DEBUG ---> http://api.haitoutech.com:80 "POST /haitou-user/user/loginByMobile HTTP/1.1" 200 None
2020-06-02 23:15:49,408 test_1_login_excel.py setUp 26 DEBUG ---> 日志打印开始
2020-06-02 23:15:49,411 connectionpool.py _new_conn 207 DEBUG ---> Starting new HTTP connection (1): api.haitoutech.com
2020-06-02 23:15:49,431 connectionpool.py _make_request 394 DEBUG ---> http://api.haitoutech.com:80 "POST /haitou-user/user/loginByMobile HTTP/1.1" 200 None
2020-06-02 23:15:49,436 test_1_login_excel.py setUp 26 DEBUG ---> 日志打印开始
2020-06-02 23:15:49,440 connectionpool.py _new_conn 207 DEBUG ---> Starting new HTTP connection (1): api.haitoutech.com
2020-06-02 23:15:49,456 connectionpool.py _make_request 394 DEBUG ---> http://api.haitoutech.com:80 "POST /haitou-user/user/loginByMobile HTTP/1.1" 200 None
2020-06-02 23:15:49,472 test_1_login_excel.py setUp 26 DEBUG ---> 日志打印开始
2020-06-02 23:15:49,472 connectionpool.py _new_conn 207 DEBUG ---> Starting new HTTP connection (1): api.haitoutech.com
2020-06-02 23:15:49,503 connectionpool.py _make_request 394 DEBUG ---> http://api.haitoutech.com:80 "POST /haitou-user/user/loginByMobile HTTP/1.1" 200 None
2020-06-02 23:15:49,519 test_1_login_excel.py setUp 26 DEBUG ---> 日志打印开始
2020-06-02 23:15:49,519 connectionpool.py _new_conn 207 DEBUG ---> Starting new HTTP connection (1): api.haitoutech.com
2020-06-02 23:15:49,550 connectionpool.py _make_request 394 DEBUG ---> http://api.haitoutech.com:80 "POST /haitou-user/user/loginByEmail HTTP/1.1" 200 None
2020-06-02 23:15:49,566 test_1_login_excel.py setUp 26 DEBUG ---> 日志打印开始
2020-06-02 23:15:49,567 connectionpool.py _new_conn 207 DEBUG ---> Starting new HTTP connection (1): api.haitoutech.com
2020-06-02 23:15:49,583 connectionpool.py _make_request 394 DEBUG ---> http://api.haitoutech.com:80 "POST /haitou-user/user/loginByEmail HTTP/1.1" 200 None
2020-06-02 23:15:49,598 test_1_login_excel.py setUp 26 DEBUG ---> 日志打印开始
2020-06-02 23:15:49,603 connectionpool.py _new_conn 207 DEBUG ---> Starting new HTTP connection (1): api.haitoutech.com
2020-06-02 23:15:49,622 connectionpool.py _make_request 394 DEBUG ---> http://api.haitoutech.com:80 "POST /haitou-user/user/loginByEmail HTTP/1.1" 200 None
2020-06-02 23:15:49,622 test_1_login_excel.py setUp 26 DEBUG ---> 日志打印开始
2020-06-02 23:15:49,637 connectionpool.py _new_conn 207 DEBUG ---> Starting new HTTP connection (1): api.haitoutech.com
2020-06-02 23:15:49,653 connectionpool.py _make_request 394 DEBUG ---> http://api.haitoutech.com:80 "POST /haitou-user/user/loginByEmail HTTP/1.1" 200 None
2020-06-02 23:15:49,653 test_1_login_excel.py setUp 26 DEBUG ---> 日志打印开始
2020-06-02 23:15:49,673 connectionpool.py _new_conn 207 DEBUG ---> Starting new HTTP connection (1): api.haitoutech.com
2020-06-02 23:15:49,682 connectionpool.py _make_request 394 DEBUG ---> http://api.haitoutech.com:80 "POST /haitou-user/user/loginByEmail HTTP/1.1" 200 None
2020-06-02 23:15:49,682 test_1_login_excel.py setUp 26 DEBUG ---> 日志打印开始
2020-06-02 23:15:49,698 connectionpool.py _new_conn 207 DEBUG ---> Starting new HTTP connection (1): api.haitoutech.com
2020-06-02 23:15:49,713 connectionpool.py _make_request 394 DEBUG ---> http://api.haitoutech.com:80 "POST /haitou-user/user/loginByEmail HTTP/1.1" 200 None
2020-06-02 23:15:49,713 test_1_login_excel.py setUp 26 DEBUG ---> 日志打印开始
2020-06-02 23:15:49,729 connectionpool.py _new_conn 207 DEBUG ---> Starting new HTTP connection (1): api.haitoutech.com
2020-06-02 23:15:49,745 connectionpool.py _make_request 394 DEBUG ---> http://api.haitoutech.com:80 "POST /haitou-user/user/loginByEmail HTTP/1.1" 200 None
